Grammar

    0 $accept: Start $end

    1 Start: Statement NL

    2 Statement: A Statement B
    3          | A B


Terminals, with rules where they appear

$end (0) 0
error (256)
A (258) 2 3
B (259) 2 3
NL (260) 1


Nonterminals, with rules where they appear

$accept (6)
    on left: 0
Start (7)
    on left: 1, on right: 0
Statement (8)
    on left: 2 3, on right: 1 2


state 0

    0 $accept: . Start $end

    A  shift, and go to state 1

    Start      go to state 2
    Statement  go to state 3


state 1

    2 Statement: A . Statement B
    3          | A . B

    A  shift, and go to state 1
    B  shift, and go to state 4

    Statement  go to state 5


state 2

    0 $accept: Start . $end

    $end  shift, and go to state 6


state 3

    1 Start: Statement . NL

    NL  shift, and go to state 7


state 4

    3 Statement: A B .

    $default  reduce using rule 3 (Statement)


state 5

    2 Statement: A Statement . B

    B  shift, and go to state 8


state 6

    0 $accept: Start $end .

    $default  accept


state 7

    1 Start: Statement NL .

    $default  reduce using rule 1 (Start)


state 8

    2 Statement: A Statement B .

    $default  reduce using rule 2 (Statement)
