Grammar

    0 $accept: Start $end

    1 Start: A A A A A A A A A A Statement B NL

    2 Statement: A Statement
    3          | /* empty */


Terminals, with rules where they appear

$end (0) 0
error (256)
A (258) 1 2
B (259) 1
NL (260) 1


Nonterminals, with rules where they appear

$accept (6)
    on left: 0
Start (7)
    on left: 1, on right: 0
Statement (8)
    on left: 2 3, on right: 1 2


state 0

    0 $accept: . Start $end

    A  shift, and go to state 1

    Start  go to state 2


state 1

    1 Start: A . A A A A A A A A A Statement B NL

    A  shift, and go to state 3


state 2

    0 $accept: Start . $end

    $end  shift, and go to state 4


state 3

    1 Start: A A . A A A A A A A A Statement B NL

    A  shift, and go to state 5


state 4

    0 $accept: Start $end .

    $default  accept


state 5

    1 Start: A A A . A A A A A A A Statement B NL

    A  shift, and go to state 6


state 6

    1 Start: A A A A . A A A A A A Statement B NL

    A  shift, and go to state 7


state 7

    1 Start: A A A A A . A A A A A Statement B NL

    A  shift, and go to state 8


state 8

    1 Start: A A A A A A . A A A A Statement B NL

    A  shift, and go to state 9


state 9

    1 Start: A A A A A A A . A A A Statement B NL

    A  shift, and go to state 10


state 10

    1 Start: A A A A A A A A . A A Statement B NL

    A  shift, and go to state 11


state 11

    1 Start: A A A A A A A A A . A Statement B NL

    A  shift, and go to state 12


state 12

    1 Start: A A A A A A A A A A . Statement B NL

    A  shift, and go to state 13

    $default  reduce using rule 3 (Statement)

    Statement  go to state 14


state 13

    2 Statement: A . Statement

    A  shift, and go to state 13

    $default  reduce using rule 3 (Statement)

    Statement  go to state 15


state 14

    1 Start: A A A A A A A A A A Statement . B NL

    B  shift, and go to state 16


state 15

    2 Statement: A Statement .

    $default  reduce using rule 2 (Statement)


state 16

    1 Start: A A A A A A A A A A Statement B . NL

    NL  shift, and go to state 17


state 17

    1 Start: A A A A A A A A A A Statement B NL .

    $default  reduce using rule 1 (Start)
